info it worked if it ends with ok
verbose cli [ 'node', '/usr/local/bin/npm', 'test' ]
info using npm@1.1.2
info using node@v0.6.11
verbose config file /Users/mikko/.npmrc
verbose config file /usr/local/etc/npmrc
verbose config file /usr/local/lib/node_modules/npm/npmrc
verbose caching /Users/mikko/Work/dippa/package.json
verbose loadDefaults dippa@0.0.1
verbose run-script [ 'pretest', 'test', 'posttest' ]
info pretest dippa@0.0.1
info test dippa@0.0.1
verbose unsafe-perm in lifecycle true
silly exec sh "-c" "node_modules/jasmine-node/bin/jasmine-node --forceexit spec/"
silly spawning [ 'sh',
silly spawning   [ '-c',
silly spawning     'node_modules/jasmine-node/bin/jasmine-node --forceexit spec/' ],
silly spawning   '/Users/mikko/Work/dippa' ]
info dippa@0.0.1 Failed to exec test script
ERR! dippa@0.0.1 test: `node_modules/jasmine-node/bin/jasmine-node --forceexit spec/`
ERR! `sh "-c" "node_modules/jasmine-node/bin/jasmine-node --forceexit spec/"` failed with 1
ERR! 
ERR! Failed at the dippa@0.0.1 test script.
ERR! This is most likely a problem with the dippa package,
ERR! not with npm itself.
ERR! Tell the author that this fails on your system:
ERR!     node_modules/jasmine-node/bin/jasmine-node --forceexit spec/
ERR! You can get their info via:
ERR!     npm owner ls dippa
ERR! There is likely additional logging output above.
ERR! 
ERR! System Darwin 11.2.0
ERR! command "node" "/usr/local/bin/npm" "test"
ERR! cwd /Users/mikko/Work/dippa
ERR! node -v v0.6.11
ERR! npm -v 1.1.2
ERR! code ELIFECYCLE
ERR! message dippa@0.0.1 test: `node_modules/jasmine-node/bin/jasmine-node --forceexit spec/`
ERR! message `sh "-c" "node_modules/jasmine-node/bin/jasmine-node --forceexit spec/"` failed with 1
ERR! errno {}
verbose exit [ 1, true ]
